2021-07-25 23:27:10,795 +0530 [main] INFO  (TC_LoginInDemoUser_001.java:15) - URL IS Open Successfully
2021-07-26 00:30:48,505 +0530 [main] INFO  (TC_LoginInDemoUser_001.java:15) - URL IS Open Successfully
2021-07-26 00:30:49,273 +0530 [main] INFO  (TC_LoginInDemoUser_001.java:27) - loginTest Passed
2021-07-26 00:44:24,153 +0530 [main] INFO  (TC_LoginInDemoUser_001.java:15) - URL IS Open Successfully
2021-07-26 00:44:24,779 +0530 [main] INFO  (TC_LoginInDemoUser_001.java:27) - loginTest Passed
2021-07-26 00:45:03,417 +0530 [main] INFO  (TC_LoginInDemoUser_001.java:15) - URL IS Open Successfully
2021-07-26 00:45:04,075 +0530 [main] INFO  (TC_LoginInDemoUser_001.java:27) - loginTest Passed
2021-07-28 01:38:57,953 +0530 [main] INFO  (TC_LoginInDemoUser_001.java:15) - URL IS Open Successfully
2021-07-28 01:38:58,379 +0530 [main] INFO  (TC_LoginInDemoUser_001.java:27) - loginTest Passed
2021-07-28 02:38:47,405 +0530 [main] INFO  (TC_LoginInDemoUser_001.java:15) - URL IS Open Successfully
2021-07-28 02:38:47,819 +0530 [main] INFO  (TC_LoginInDemoUser_001.java:27) - loginTest Passed
2021-07-28 02:38:48,513 +0530 [main] DEBUG (_Log4jLoggerFactory.java:45) - Couldn't find template in cache for "extent.ftl"("en_US", UTF-8, parsed); will try to load it.
2021-07-28 02:38:48,514 +0530 [main] DEBUG (_Log4jLoggerFactory.java:45) - TemplateLoader.findTemplateSource("extent_en_US.ftl"): Not found
2021-07-28 02:38:48,515 +0530 [main] DEBUG (_Log4jLoggerFactory.java:45) - TemplateLoader.findTemplateSource("extent_en.ftl"): Not found
2021-07-28 02:38:48,516 +0530 [main] DEBUG (_Log4jLoggerFactory.java:45) - TemplateLoader.findTemplateSource("extent.ftl"): Found
2021-07-28 02:38:48,516 +0530 [main] DEBUG (_Log4jLoggerFactory.java:45) - Loading template for "extent.ftl"("en_US", UTF-8, parsed) from "jar:file:/C:/Users/darekdee/.m2/repository/com/aventstack/extentreports/3.0.0/extentreports-3.0.0.jar!/com/aventstack/extentreports/view/extent.ftl"
2021-07-28 02:38:48,628 +0530 [main] DEBUG (_Log4jLoggerFactory.java:45) - Couldn't find template in cache for "head.ftl"("en_US", UTF-8, parsed); will try to load it.
2021-07-28 02:38:48,628 +0530 [main] DEBUG (_Log4jLoggerFactory.java:45) - TemplateLoader.findTemplateSource("head_en_US.ftl"): Not found
2021-07-28 02:38:48,628 +0530 [main] DEBUG (_Log4jLoggerFactory.java:45) - TemplateLoader.findTemplateSource("head_en.ftl"): Not found
2021-07-28 02:38:48,628 +0530 [main] DEBUG (_Log4jLoggerFactory.java:45) - TemplateLoader.findTemplateSource("head.ftl"): Found
2021-07-28 02:38:48,628 +0530 [main] DEBUG (_Log4jLoggerFactory.java:45) - Loading template for "head.ftl"("en_US", UTF-8, parsed) from "jar:file:/C:/Users/darekdee/.m2/repository/com/aventstack/extentreports/3.0.0/extentreports-3.0.0.jar!/com/aventstack/extentreports/view/head.ftl"
2021-07-28 02:38:48,629 +0530 [main] DEBUG (_Log4jLoggerFactory.java:45) - Couldn't find template in cache for "nav.ftl"("en_US", UTF-8, parsed); will try to load it.
2021-07-28 02:38:48,630 +0530 [main] DEBUG (_Log4jLoggerFactory.java:45) - TemplateLoader.findTemplateSource("nav_en_US.ftl"): Not found
2021-07-28 02:38:48,630 +0530 [main] DEBUG (_Log4jLoggerFactory.java:45) - TemplateLoader.findTemplateSource("nav_en.ftl"): Not found
2021-07-28 02:38:48,630 +0530 [main] DEBUG (_Log4jLoggerFactory.java:45) - TemplateLoader.findTemplateSource("nav.ftl"): Found
2021-07-28 02:38:48,630 +0530 [main] DEBUG (_Log4jLoggerFactory.java:45) - Loading template for "nav.ftl"("en_US", UTF-8, parsed) from "jar:file:/C:/Users/darekdee/.m2/repository/com/aventstack/extentreports/3.0.0/extentreports-3.0.0.jar!/com/aventstack/extentreports/view/nav.ftl"
2021-07-28 02:38:48,633 +0530 [main] DEBUG (_Log4jLoggerFactory.java:45) - Couldn't find template in cache for "test-view/test-view.ftl"("en_US", UTF-8, parsed); will try to load it.
2021-07-28 02:38:48,634 +0530 [main] DEBUG (_Log4jLoggerFactory.java:45) - TemplateLoader.findTemplateSource("test-view/test-view_en_US.ftl"): Not found
2021-07-28 02:38:48,634 +0530 [main] DEBUG (_Log4jLoggerFactory.java:45) - TemplateLoader.findTemplateSource("test-view/test-view_en.ftl"): Not found
2021-07-28 02:38:48,634 +0530 [main] DEBUG (_Log4jLoggerFactory.java:45) - TemplateLoader.findTemplateSource("test-view/test-view.ftl"): Found
2021-07-28 02:38:48,634 +0530 [main] DEBUG (_Log4jLoggerFactory.java:45) - Loading template for "test-view/test-view.ftl"("en_US", UTF-8, parsed) from "jar:file:/C:/Users/darekdee/.m2/repository/com/aventstack/extentreports/3.0.0/extentreports-3.0.0.jar!/com/aventstack/extentreports/view/test-view/test-view.ftl"
2021-07-28 02:38:48,646 +0530 [main] DEBUG (_Log4jLoggerFactory.java:45) - Couldn't find template in cache for "test-view/test-view-charts.ftl"("en_US", UTF-8, parsed); will try to load it.
2021-07-28 02:38:48,646 +0530 [main] DEBUG (_Log4jLoggerFactory.java:45) - TemplateLoader.findTemplateSource("test-view/test-view-charts_en_US.ftl"): Not found
2021-07-28 02:38:48,647 +0530 [main] DEBUG (_Log4jLoggerFactory.java:45) - TemplateLoader.findTemplateSource("test-view/test-view-charts_en.ftl"): Not found
2021-07-28 02:38:48,647 +0530 [main] DEBUG (_Log4jLoggerFactory.java:45) - TemplateLoader.findTemplateSource("test-view/test-view-charts.ftl"): Found
2021-07-28 02:38:48,647 +0530 [main] DEBUG (_Log4jLoggerFactory.java:45) - Loading template for "test-view/test-view-charts.ftl"("en_US", UTF-8, parsed) from "jar:file:/C:/Users/darekdee/.m2/repository/com/aventstack/extentreports/3.0.0/extentreports-3.0.0.jar!/com/aventstack/extentreports/view/test-view/test-view-charts.ftl"
2021-07-28 02:38:48,651 +0530 [main] DEBUG (_Log4jLoggerFactory.java:45) - Couldn't find template in cache for "test-view/standard.ftl"("en_US", UTF-8, parsed); will try to load it.
2021-07-28 02:38:48,651 +0530 [main] DEBUG (_Log4jLoggerFactory.java:45) - TemplateLoader.findTemplateSource("test-view/standard_en_US.ftl"): Not found
2021-07-28 02:38:48,651 +0530 [main] DEBUG (_Log4jLoggerFactory.java:45) - TemplateLoader.findTemplateSource("test-view/standard_en.ftl"): Not found
2021-07-28 02:38:48,652 +0530 [main] DEBUG (_Log4jLoggerFactory.java:45) - TemplateLoader.findTemplateSource("test-view/standard.ftl"): Found
2021-07-28 02:38:48,652 +0530 [main] DEBUG (_Log4jLoggerFactory.java:45) - Loading template for "test-view/standard.ftl"("en_US", UTF-8, parsed) from "jar:file:/C:/Users/darekdee/.m2/repository/com/aventstack/extentreports/3.0.0/extentreports-3.0.0.jar!/com/aventstack/extentreports/view/test-view/standard.ftl"
2021-07-28 02:38:48,659 +0530 [main] DEBUG (_Log4jLoggerFactory.java:45) - Couldn't find template in cache for "category-view/category-view.ftl"("en_US", UTF-8, parsed); will try to load it.
2021-07-28 02:38:48,659 +0530 [main] DEBUG (_Log4jLoggerFactory.java:45) - TemplateLoader.findTemplateSource("category-view/category-view_en_US.ftl"): Not found
2021-07-28 02:38:48,659 +0530 [main] DEBUG (_Log4jLoggerFactory.java:45) - TemplateLoader.findTemplateSource("category-view/category-view_en.ftl"): Not found
2021-07-28 02:38:48,659 +0530 [main] DEBUG (_Log4jLoggerFactory.java:45) - TemplateLoader.findTemplateSource("category-view/category-view.ftl"): Found
2021-07-28 02:38:48,659 +0530 [main] DEBUG (_Log4jLoggerFactory.java:45) - Loading template for "category-view/category-view.ftl"("en_US", UTF-8, parsed) from "jar:file:/C:/Users/darekdee/.m2/repository/com/aventstack/extentreports/3.0.0/extentreports-3.0.0.jar!/com/aventstack/extentreports/view/category-view/category-view.ftl"
2021-07-28 02:38:48,661 +0530 [main] DEBUG (_Log4jLoggerFactory.java:45) - Couldn't find template in cache for "exception-view/exception-view.ftl"("en_US", UTF-8, parsed); will try to load it.
2021-07-28 02:38:48,661 +0530 [main] DEBUG (_Log4jLoggerFactory.java:45) - TemplateLoader.findTemplateSource("exception-view/exception-view_en_US.ftl"): Not found
2021-07-28 02:38:48,661 +0530 [main] DEBUG (_Log4jLoggerFactory.java:45) - TemplateLoader.findTemplateSource("exception-view/exception-view_en.ftl"): Not found
2021-07-28 02:38:48,661 +0530 [main] DEBUG (_Log4jLoggerFactory.java:45) - TemplateLoader.findTemplateSource("exception-view/exception-view.ftl"): Found
2021-07-28 02:38:48,661 +0530 [main] DEBUG (_Log4jLoggerFactory.java:45) - Loading template for "exception-view/exception-view.ftl"("en_US", UTF-8, parsed) from "jar:file:/C:/Users/darekdee/.m2/repository/com/aventstack/extentreports/3.0.0/extentreports-3.0.0.jar!/com/aventstack/extentreports/view/exception-view/exception-view.ftl"
2021-07-28 02:38:48,662 +0530 [main] DEBUG (_Log4jLoggerFactory.java:45) - Couldn't find template in cache for "dashboard-view/dashboard-view.ftl"("en_US", UTF-8, parsed); will try to load it.
2021-07-28 02:38:48,663 +0530 [main] DEBUG (_Log4jLoggerFactory.java:45) - TemplateLoader.findTemplateSource("dashboard-view/dashboard-view_en_US.ftl"): Not found
2021-07-28 02:38:48,663 +0530 [main] DEBUG (_Log4jLoggerFactory.java:45) - TemplateLoader.findTemplateSource("dashboard-view/dashboard-view_en.ftl"): Not found
2021-07-28 02:38:48,663 +0530 [main] DEBUG (_Log4jLoggerFactory.java:45) - TemplateLoader.findTemplateSource("dashboard-view/dashboard-view.ftl"): Found
2021-07-28 02:38:48,663 +0530 [main] DEBUG (_Log4jLoggerFactory.java:45) - Loading template for "dashboard-view/dashboard-view.ftl"("en_US", UTF-8, parsed) from "jar:file:/C:/Users/darekdee/.m2/repository/com/aventstack/extentreports/3.0.0/extentreports-3.0.0.jar!/com/aventstack/extentreports/view/dashboard-view/dashboard-view.ftl"
2021-07-28 02:38:48,666 +0530 [main] DEBUG (_Log4jLoggerFactory.java:45) - Couldn't find template in cache for "logs-view/testrunner-logs-view.ftl"("en_US", UTF-8, parsed); will try to load it.
2021-07-28 02:38:48,666 +0530 [main] DEBUG (_Log4jLoggerFactory.java:45) - TemplateLoader.findTemplateSource("logs-view/testrunner-logs-view_en_US.ftl"): Not found
2021-07-28 02:38:48,666 +0530 [main] DEBUG (_Log4jLoggerFactory.java:45) - TemplateLoader.findTemplateSource("logs-view/testrunner-logs-view_en.ftl"): Not found
2021-07-28 02:38:48,667 +0530 [main] DEBUG (_Log4jLoggerFactory.java:45) - TemplateLoader.findTemplateSource("logs-view/testrunner-logs-view.ftl"): Found
2021-07-28 02:38:48,667 +0530 [main] DEBUG (_Log4jLoggerFactory.java:45) - Loading template for "logs-view/testrunner-logs-view.ftl"("en_US", UTF-8, parsed) from "jar:file:/C:/Users/darekdee/.m2/repository/com/aventstack/extentreports/3.0.0/extentreports-3.0.0.jar!/com/aventstack/extentreports/view/logs-view/testrunner-logs-view.ftl"
2021-07-28 02:39:08,409 +0530 [main] INFO  (TC_LoginInDemoUser_001.java:15) - URL IS Open Successfully
2021-07-28 02:39:08,808 +0530 [main] INFO  (TC_LoginInDemoUser_001.java:27) - loginTest Passed
2021-07-28 02:39:09,513 +0530 [main] DEBUG (_Log4jLoggerFactory.java:45) - Couldn't find template in cache for "extent.ftl"("en_US", UTF-8, parsed); will try to load it.
2021-07-28 02:39:09,514 +0530 [main] DEBUG (_Log4jLoggerFactory.java:45) - TemplateLoader.findTemplateSource("extent_en_US.ftl"): Not found
2021-07-28 02:39:09,515 +0530 [main] DEBUG (_Log4jLoggerFactory.java:45) - TemplateLoader.findTemplateSource("extent_en.ftl"): Not found
2021-07-28 02:39:09,516 +0530 [main] DEBUG (_Log4jLoggerFactory.java:45) - TemplateLoader.findTemplateSource("extent.ftl"): Found
2021-07-28 02:39:09,516 +0530 [main] DEBUG (_Log4jLoggerFactory.java:45) - Loading template for "extent.ftl"("en_US", UTF-8, parsed) from "jar:file:/C:/Users/darekdee/.m2/repository/com/aventstack/extentreports/3.0.0/extentreports-3.0.0.jar!/com/aventstack/extentreports/view/extent.ftl"
2021-07-28 02:39:09,617 +0530 [main] DEBUG (_Log4jLoggerFactory.java:45) - Couldn't find template in cache for "head.ftl"("en_US", UTF-8, parsed); will try to load it.
2021-07-28 02:39:09,617 +0530 [main] DEBUG (_Log4jLoggerFactory.java:45) - TemplateLoader.findTemplateSource("head_en_US.ftl"): Not found
2021-07-28 02:39:09,618 +0530 [main] DEBUG (_Log4jLoggerFactory.java:45) - TemplateLoader.findTemplateSource("head_en.ftl"): Not found
2021-07-28 02:39:09,618 +0530 [main] DEBUG (_Log4jLoggerFactory.java:45) - TemplateLoader.findTemplateSource("head.ftl"): Found
2021-07-28 02:39:09,618 +0530 [main] DEBUG (_Log4jLoggerFactory.java:45) - Loading template for "head.ftl"("en_US", UTF-8, parsed) from "jar:file:/C:/Users/darekdee/.m2/repository/com/aventstack/extentreports/3.0.0/extentreports-3.0.0.jar!/com/aventstack/extentreports/view/head.ftl"
2021-07-28 02:39:09,619 +0530 [main] DEBUG (_Log4jLoggerFactory.java:45) - Couldn't find template in cache for "nav.ftl"("en_US", UTF-8, parsed); will try to load it.
2021-07-28 02:39:09,619 +0530 [main] DEBUG (_Log4jLoggerFactory.java:45) - TemplateLoader.findTemplateSource("nav_en_US.ftl"): Not found
2021-07-28 02:39:09,619 +0530 [main] DEBUG (_Log4jLoggerFactory.java:45) - TemplateLoader.findTemplateSource("nav_en.ftl"): Not found
2021-07-28 02:39:09,620 +0530 [main] DEBUG (_Log4jLoggerFactory.java:45) - TemplateLoader.findTemplateSource("nav.ftl"): Found
2021-07-28 02:39:09,620 +0530 [main] DEBUG (_Log4jLoggerFactory.java:45) - Loading template for "nav.ftl"("en_US", UTF-8, parsed) from "jar:file:/C:/Users/darekdee/.m2/repository/com/aventstack/extentreports/3.0.0/extentreports-3.0.0.jar!/com/aventstack/extentreports/view/nav.ftl"
2021-07-28 02:39:09,623 +0530 [main] DEBUG (_Log4jLoggerFactory.java:45) - Couldn't find template in cache for "test-view/test-view.ftl"("en_US", UTF-8, parsed); will try to load it.
2021-07-28 02:39:09,624 +0530 [main] DEBUG (_Log4jLoggerFactory.java:45) - TemplateLoader.findTemplateSource("test-view/test-view_en_US.ftl"): Not found
2021-07-28 02:39:09,624 +0530 [main] DEBUG (_Log4jLoggerFactory.java:45) - TemplateLoader.findTemplateSource("test-view/test-view_en.ftl"): Not found
2021-07-28 02:39:09,624 +0530 [main] DEBUG (_Log4jLoggerFactory.java:45) - TemplateLoader.findTemplateSource("test-view/test-view.ftl"): Found
2021-07-28 02:39:09,624 +0530 [main] DEBUG (_Log4jLoggerFactory.java:45) - Loading template for "test-view/test-view.ftl"("en_US", UTF-8, parsed) from "jar:file:/C:/Users/darekdee/.m2/repository/com/aventstack/extentreports/3.0.0/extentreports-3.0.0.jar!/com/aventstack/extentreports/view/test-view/test-view.ftl"
2021-07-28 02:39:09,634 +0530 [main] DEBUG (_Log4jLoggerFactory.java:45) - Couldn't find template in cache for "test-view/test-view-charts.ftl"("en_US", UTF-8, parsed); will try to load it.
2021-07-28 02:39:09,634 +0530 [main] DEBUG (_Log4jLoggerFactory.java:45) - TemplateLoader.findTemplateSource("test-view/test-view-charts_en_US.ftl"): Not found
2021-07-28 02:39:09,634 +0530 [main] DEBUG (_Log4jLoggerFactory.java:45) - TemplateLoader.findTemplateSource("test-view/test-view-charts_en.ftl"): Not found
2021-07-28 02:39:09,635 +0530 [main] DEBUG (_Log4jLoggerFactory.java:45) - TemplateLoader.findTemplateSource("test-view/test-view-charts.ftl"): Found
2021-07-28 02:39:09,635 +0530 [main] DEBUG (_Log4jLoggerFactory.java:45) - Loading template for "test-view/test-view-charts.ftl"("en_US", UTF-8, parsed) from "jar:file:/C:/Users/darekdee/.m2/repository/com/aventstack/extentreports/3.0.0/extentreports-3.0.0.jar!/com/aventstack/extentreports/view/test-view/test-view-charts.ftl"
2021-07-28 02:39:09,639 +0530 [main] DEBUG (_Log4jLoggerFactory.java:45) - Couldn't find template in cache for "test-view/standard.ftl"("en_US", UTF-8, parsed); will try to load it.
2021-07-28 02:39:09,639 +0530 [main] DEBUG (_Log4jLoggerFactory.java:45) - TemplateLoader.findTemplateSource("test-view/standard_en_US.ftl"): Not found
2021-07-28 02:39:09,639 +0530 [main] DEBUG (_Log4jLoggerFactory.java:45) - TemplateLoader.findTemplateSource("test-view/standard_en.ftl"): Not found
2021-07-28 02:39:09,639 +0530 [main] DEBUG (_Log4jLoggerFactory.java:45) - TemplateLoader.findTemplateSource("test-view/standard.ftl"): Found
2021-07-28 02:39:09,639 +0530 [main] DEBUG (_Log4jLoggerFactory.java:45) - Loading template for "test-view/standard.ftl"("en_US", UTF-8, parsed) from "jar:file:/C:/Users/darekdee/.m2/repository/com/aventstack/extentreports/3.0.0/extentreports-3.0.0.jar!/com/aventstack/extentreports/view/test-view/standard.ftl"
2021-07-28 02:39:09,646 +0530 [main] DEBUG (_Log4jLoggerFactory.java:45) - Couldn't find template in cache for "category-view/category-view.ftl"("en_US", UTF-8, parsed); will try to load it.
2021-07-28 02:39:09,647 +0530 [main] DEBUG (_Log4jLoggerFactory.java:45) - TemplateLoader.findTemplateSource("category-view/category-view_en_US.ftl"): Not found
2021-07-28 02:39:09,647 +0530 [main] DEBUG (_Log4jLoggerFactory.java:45) - TemplateLoader.findTemplateSource("category-view/category-view_en.ftl"): Not found
2021-07-28 02:39:09,647 +0530 [main] DEBUG (_Log4jLoggerFactory.java:45) - TemplateLoader.findTemplateSource("category-view/category-view.ftl"): Found
2021-07-28 02:39:09,647 +0530 [main] DEBUG (_Log4jLoggerFactory.java:45) - Loading template for "category-view/category-view.ftl"("en_US", UTF-8, parsed) from "jar:file:/C:/Users/darekdee/.m2/repository/com/aventstack/extentreports/3.0.0/extentreports-3.0.0.jar!/com/aventstack/extentreports/view/category-view/category-view.ftl"
2021-07-28 02:39:09,649 +0530 [main] DEBUG (_Log4jLoggerFactory.java:45) - Couldn't find template in cache for "exception-view/exception-view.ftl"("en_US", UTF-8, parsed); will try to load it.
2021-07-28 02:39:09,649 +0530 [main] DEBUG (_Log4jLoggerFactory.java:45) - TemplateLoader.findTemplateSource("exception-view/exception-view_en_US.ftl"): Not found
2021-07-28 02:39:09,649 +0530 [main] DEBUG (_Log4jLoggerFactory.java:45) - TemplateLoader.findTemplateSource("exception-view/exception-view_en.ftl"): Not found
2021-07-28 02:39:09,650 +0530 [main] DEBUG (_Log4jLoggerFactory.java:45) - TemplateLoader.findTemplateSource("exception-view/exception-view.ftl"): Found
2021-07-28 02:39:09,650 +0530 [main] DEBUG (_Log4jLoggerFactory.java:45) - Loading template for "exception-view/exception-view.ftl"("en_US", UTF-8, parsed) from "jar:file:/C:/Users/darekdee/.m2/repository/com/aventstack/extentreports/3.0.0/extentreports-3.0.0.jar!/com/aventstack/extentreports/view/exception-view/exception-view.ftl"
2021-07-28 02:39:09,651 +0530 [main] DEBUG (_Log4jLoggerFactory.java:45) - Couldn't find template in cache for "dashboard-view/dashboard-view.ftl"("en_US", UTF-8, parsed); will try to load it.
2021-07-28 02:39:09,651 +0530 [main] DEBUG (_Log4jLoggerFactory.java:45) - TemplateLoader.findTemplateSource("dashboard-view/dashboard-view_en_US.ftl"): Not found
2021-07-28 02:39:09,651 +0530 [main] DEBUG (_Log4jLoggerFactory.java:45) - TemplateLoader.findTemplateSource("dashboard-view/dashboard-view_en.ftl"): Not found
2021-07-28 02:39:09,651 +0530 [main] DEBUG (_Log4jLoggerFactory.java:45) - TemplateLoader.findTemplateSource("dashboard-view/dashboard-view.ftl"): Found
2021-07-28 02:39:09,652 +0530 [main] DEBUG (_Log4jLoggerFactory.java:45) - Loading template for "dashboard-view/dashboard-view.ftl"("en_US", UTF-8, parsed) from "jar:file:/C:/Users/darekdee/.m2/repository/com/aventstack/extentreports/3.0.0/extentreports-3.0.0.jar!/com/aventstack/extentreports/view/dashboard-view/dashboard-view.ftl"
2021-07-28 02:39:09,658 +0530 [main] DEBUG (_Log4jLoggerFactory.java:45) - Couldn't find template in cache for "logs-view/testrunner-logs-view.ftl"("en_US", UTF-8, parsed); will try to load it.
2021-07-28 02:39:09,658 +0530 [main] DEBUG (_Log4jLoggerFactory.java:45) - TemplateLoader.findTemplateSource("logs-view/testrunner-logs-view_en_US.ftl"): Not found
2021-07-28 02:39:09,658 +0530 [main] DEBUG (_Log4jLoggerFactory.java:45) - TemplateLoader.findTemplateSource("logs-view/testrunner-logs-view_en.ftl"): Not found
2021-07-28 02:39:09,658 +0530 [main] DEBUG (_Log4jLoggerFactory.java:45) - TemplateLoader.findTemplateSource("logs-view/testrunner-logs-view.ftl"): Found
2021-07-28 02:39:09,658 +0530 [main] DEBUG (_Log4jLoggerFactory.java:45) - Loading template for "logs-view/testrunner-logs-view.ftl"("en_US", UTF-8, parsed) from "jar:file:/C:/Users/darekdee/.m2/repository/com/aventstack/extentreports/3.0.0/extentreports-3.0.0.jar!/com/aventstack/extentreports/view/logs-view/testrunner-logs-view.ftl"
2021-07-28 02:39:36,048 +0530 [main] INFO  (TC_LoginInDemoUser_001.java:15) - URL IS Open Successfully
2021-07-28 02:39:36,447 +0530 [main] INFO  (TC_LoginInDemoUser_001.java:27) - loginTest Passed
2021-07-28 02:39:37,110 +0530 [main] DEBUG (_Log4jLoggerFactory.java:45) - Couldn't find template in cache for "extent.ftl"("en_US", UTF-8, parsed); will try to load it.
2021-07-28 02:39:37,111 +0530 [main] DEBUG (_Log4jLoggerFactory.java:45) - TemplateLoader.findTemplateSource("extent_en_US.ftl"): Not found
2021-07-28 02:39:37,112 +0530 [main] DEBUG (_Log4jLoggerFactory.java:45) - TemplateLoader.findTemplateSource("extent_en.ftl"): Not found
2021-07-28 02:39:37,112 +0530 [main] DEBUG (_Log4jLoggerFactory.java:45) - TemplateLoader.findTemplateSource("extent.ftl"): Found
2021-07-28 02:39:37,112 +0530 [main] DEBUG (_Log4jLoggerFactory.java:45) - Loading template for "extent.ftl"("en_US", UTF-8, parsed) from "jar:file:/C:/Users/darekdee/.m2/repository/com/aventstack/extentreports/3.0.0/extentreports-3.0.0.jar!/com/aventstack/extentreports/view/extent.ftl"
2021-07-28 02:39:37,261 +0530 [main] DEBUG (_Log4jLoggerFactory.java:45) - Couldn't find template in cache for "head.ftl"("en_US", UTF-8, parsed); will try to load it.
2021-07-28 02:39:37,261 +0530 [main] DEBUG (_Log4jLoggerFactory.java:45) - TemplateLoader.findTemplateSource("head_en_US.ftl"): Not found
2021-07-28 02:39:37,261 +0530 [main] DEBUG (_Log4jLoggerFactory.java:45) - TemplateLoader.findTemplateSource("head_en.ftl"): Not found
2021-07-28 02:39:37,261 +0530 [main] DEBUG (_Log4jLoggerFactory.java:45) - TemplateLoader.findTemplateSource("head.ftl"): Found
2021-07-28 02:39:37,262 +0530 [main] DEBUG (_Log4jLoggerFactory.java:45) - Loading template for "head.ftl"("en_US", UTF-8, parsed) from "jar:file:/C:/Users/darekdee/.m2/repository/com/aventstack/extentreports/3.0.0/extentreports-3.0.0.jar!/com/aventstack/extentreports/view/head.ftl"
2021-07-28 02:39:37,263 +0530 [main] DEBUG (_Log4jLoggerFactory.java:45) - Couldn't find template in cache for "nav.ftl"("en_US", UTF-8, parsed); will try to load it.
2021-07-28 02:39:37,263 +0530 [main] DEBUG (_Log4jLoggerFactory.java:45) - TemplateLoader.findTemplateSource("nav_en_US.ftl"): Not found
2021-07-28 02:39:37,263 +0530 [main] DEBUG (_Log4jLoggerFactory.java:45) - TemplateLoader.findTemplateSource("nav_en.ftl"): Not found
2021-07-28 02:39:37,263 +0530 [main] DEBUG (_Log4jLoggerFactory.java:45) - TemplateLoader.findTemplateSource("nav.ftl"): Found
2021-07-28 02:39:37,264 +0530 [main] DEBUG (_Log4jLoggerFactory.java:45) - Loading template for "nav.ftl"("en_US", UTF-8, parsed) from "jar:file:/C:/Users/darekdee/.m2/repository/com/aventstack/extentreports/3.0.0/extentreports-3.0.0.jar!/com/aventstack/extentreports/view/nav.ftl"
2021-07-28 02:39:37,267 +0530 [main] DEBUG (_Log4jLoggerFactory.java:45) - Couldn't find template in cache for "test-view/test-view.ftl"("en_US", UTF-8, parsed); will try to load it.
2021-07-28 02:39:37,268 +0530 [main] DEBUG (_Log4jLoggerFactory.java:45) - TemplateLoader.findTemplateSource("test-view/test-view_en_US.ftl"): Not found
2021-07-28 02:39:37,268 +0530 [main] DEBUG (_Log4jLoggerFactory.java:45) - TemplateLoader.findTemplateSource("test-view/test-view_en.ftl"): Not found
2021-07-28 02:39:37,268 +0530 [main] DEBUG (_Log4jLoggerFactory.java:45) - TemplateLoader.findTemplateSource("test-view/test-view.ftl"): Found
2021-07-28 02:39:37,268 +0530 [main] DEBUG (_Log4jLoggerFactory.java:45) - Loading template for "test-view/test-view.ftl"("en_US", UTF-8, parsed) from "jar:file:/C:/Users/darekdee/.m2/repository/com/aventstack/extentreports/3.0.0/extentreports-3.0.0.jar!/com/aventstack/extentreports/view/test-view/test-view.ftl"
2021-07-28 02:39:37,281 +0530 [main] DEBUG (_Log4jLoggerFactory.java:45) - Couldn't find template in cache for "test-view/test-view-charts.ftl"("en_US", UTF-8, parsed); will try to load it.
2021-07-28 02:39:37,282 +0530 [main] DEBUG (_Log4jLoggerFactory.java:45) - TemplateLoader.findTemplateSource("test-view/test-view-charts_en_US.ftl"): Not found
2021-07-28 02:39:37,282 +0530 [main] DEBUG (_Log4jLoggerFactory.java:45) - TemplateLoader.findTemplateSource("test-view/test-view-charts_en.ftl"): Not found
2021-07-28 02:39:37,282 +0530 [main] DEBUG (_Log4jLoggerFactory.java:45) - TemplateLoader.findTemplateSource("test-view/test-view-charts.ftl"): Found
2021-07-28 02:39:37,282 +0530 [main] DEBUG (_Log4jLoggerFactory.java:45) - Loading template for "test-view/test-view-charts.ftl"("en_US", UTF-8, parsed) from "jar:file:/C:/Users/darekdee/.m2/repository/com/aventstack/extentreports/3.0.0/extentreports-3.0.0.jar!/com/aventstack/extentreports/view/test-view/test-view-charts.ftl"
2021-07-28 02:39:37,287 +0530 [main] DEBUG (_Log4jLoggerFactory.java:45) - Couldn't find template in cache for "test-view/standard.ftl"("en_US", UTF-8, parsed); will try to load it.
2021-07-28 02:39:37,287 +0530 [main] DEBUG (_Log4jLoggerFactory.java:45) - TemplateLoader.findTemplateSource("test-view/standard_en_US.ftl"): Not found
2021-07-28 02:39:37,287 +0530 [main] DEBUG (_Log4jLoggerFactory.java:45) - TemplateLoader.findTemplateSource("test-view/standard_en.ftl"): Not found
2021-07-28 02:39:37,288 +0530 [main] DEBUG (_Log4jLoggerFactory.java:45) - TemplateLoader.findTemplateSource("test-view/standard.ftl"): Found
2021-07-28 02:39:37,288 +0530 [main] DEBUG (_Log4jLoggerFactory.java:45) - Loading template for "test-view/standard.ftl"("en_US", UTF-8, parsed) from "jar:file:/C:/Users/darekdee/.m2/repository/com/aventstack/extentreports/3.0.0/extentreports-3.0.0.jar!/com/aventstack/extentreports/view/test-view/standard.ftl"
2021-07-28 02:39:37,295 +0530 [main] DEBUG (_Log4jLoggerFactory.java:45) - Couldn't find template in cache for "category-view/category-view.ftl"("en_US", UTF-8, parsed); will try to load it.
2021-07-28 02:39:37,296 +0530 [main] DEBUG (_Log4jLoggerFactory.java:45) - TemplateLoader.findTemplateSource("category-view/category-view_en_US.ftl"): Not found
2021-07-28 02:39:37,296 +0530 [main] DEBUG (_Log4jLoggerFactory.java:45) - TemplateLoader.findTemplateSource("category-view/category-view_en.ftl"): Not found
2021-07-28 02:39:37,296 +0530 [main] DEBUG (_Log4jLoggerFactory.java:45) - TemplateLoader.findTemplateSource("category-view/category-view.ftl"): Found
2021-07-28 02:39:37,296 +0530 [main] DEBUG (_Log4jLoggerFactory.java:45) - Loading template for "category-view/category-view.ftl"("en_US", UTF-8, parsed) from "jar:file:/C:/Users/darekdee/.m2/repository/com/aventstack/extentreports/3.0.0/extentreports-3.0.0.jar!/com/aventstack/extentreports/view/category-view/category-view.ftl"
2021-07-28 02:39:37,298 +0530 [main] DEBUG (_Log4jLoggerFactory.java:45) - Couldn't find template in cache for "exception-view/exception-view.ftl"("en_US", UTF-8, parsed); will try to load it.
2021-07-28 02:39:37,298 +0530 [main] DEBUG (_Log4jLoggerFactory.java:45) - TemplateLoader.findTemplateSource("exception-view/exception-view_en_US.ftl"): Not found
2021-07-28 02:39:37,298 +0530 [main] DEBUG (_Log4jLoggerFactory.java:45) - TemplateLoader.findTemplateSource("exception-view/exception-view_en.ftl"): Not found
2021-07-28 02:39:37,298 +0530 [main] DEBUG (_Log4jLoggerFactory.java:45) - TemplateLoader.findTemplateSource("exception-view/exception-view.ftl"): Found
2021-07-28 02:39:37,299 +0530 [main] DEBUG (_Log4jLoggerFactory.java:45) - Loading template for "exception-view/exception-view.ftl"("en_US", UTF-8, parsed) from "jar:file:/C:/Users/darekdee/.m2/repository/com/aventstack/extentreports/3.0.0/extentreports-3.0.0.jar!/com/aventstack/extentreports/view/exception-view/exception-view.ftl"
2021-07-28 02:39:37,300 +0530 [main] DEBUG (_Log4jLoggerFactory.java:45) - Couldn't find template in cache for "dashboard-view/dashboard-view.ftl"("en_US", UTF-8, parsed); will try to load it.
2021-07-28 02:39:37,300 +0530 [main] DEBUG (_Log4jLoggerFactory.java:45) - TemplateLoader.findTemplateSource("dashboard-view/dashboard-view_en_US.ftl"): Not found
2021-07-28 02:39:37,300 +0530 [main] DEBUG (_Log4jLoggerFactory.java:45) - TemplateLoader.findTemplateSource("dashboard-view/dashboard-view_en.ftl"): Not found
2021-07-28 02:39:37,301 +0530 [main] DEBUG (_Log4jLoggerFactory.java:45) - TemplateLoader.findTemplateSource("dashboard-view/dashboard-view.ftl"): Found
2021-07-28 02:39:37,301 +0530 [main] DEBUG (_Log4jLoggerFactory.java:45) - Loading template for "dashboard-view/dashboard-view.ftl"("en_US", UTF-8, parsed) from "jar:file:/C:/Users/darekdee/.m2/repository/com/aventstack/extentreports/3.0.0/extentreports-3.0.0.jar!/com/aventstack/extentreports/view/dashboard-view/dashboard-view.ftl"
2021-07-28 02:39:37,304 +0530 [main] DEBUG (_Log4jLoggerFactory.java:45) - Couldn't find template in cache for "logs-view/testrunner-logs-view.ftl"("en_US", UTF-8, parsed); will try to load it.
2021-07-28 02:39:37,304 +0530 [main] DEBUG (_Log4jLoggerFactory.java:45) - TemplateLoader.findTemplateSource("logs-view/testrunner-logs-view_en_US.ftl"): Not found
2021-07-28 02:39:37,304 +0530 [main] DEBUG (_Log4jLoggerFactory.java:45) - TemplateLoader.findTemplateSource("logs-view/testrunner-logs-view_en.ftl"): Not found
2021-07-28 02:39:37,305 +0530 [main] DEBUG (_Log4jLoggerFactory.java:45) - TemplateLoader.findTemplateSource("logs-view/testrunner-logs-view.ftl"): Found
2021-07-28 02:39:37,305 +0530 [main] DEBUG (_Log4jLoggerFactory.java:45) - Loading template for "logs-view/testrunner-logs-view.ftl"("en_US", UTF-8, parsed) from "jar:file:/C:/Users/darekdee/.m2/repository/com/aventstack/extentreports/3.0.0/extentreports-3.0.0.jar!/com/aventstack/extentreports/view/logs-view/testrunner-logs-view.ftl"
2021-07-28 02:40:36,058 +0530 [main] INFO  (TC_LoginInDemoUser_001.java:15) - URL IS Open Successfully
2021-07-28 02:40:36,629 +0530 [main] INFO  (TC_LoginInDemoUser_001.java:27) - loginTest Passed
2021-07-28 02:40:37,342 +0530 [main] DEBUG (_Log4jLoggerFactory.java:45) - Couldn't find template in cache for "extent.ftl"("en_US", UTF-8, parsed); will try to load it.
2021-07-28 02:40:37,343 +0530 [main] DEBUG (_Log4jLoggerFactory.java:45) - TemplateLoader.findTemplateSource("extent_en_US.ftl"): Not found
2021-07-28 02:40:37,345 +0530 [main] DEBUG (_Log4jLoggerFactory.java:45) - TemplateLoader.findTemplateSource("extent_en.ftl"): Not found
2021-07-28 02:40:37,346 +0530 [main] DEBUG (_Log4jLoggerFactory.java:45) - TemplateLoader.findTemplateSource("extent.ftl"): Found
2021-07-28 02:40:37,346 +0530 [main] DEBUG (_Log4jLoggerFactory.java:45) - Loading template for "extent.ftl"("en_US", UTF-8, parsed) from "jar:file:/C:/Users/darekdee/.m2/repository/com/aventstack/extentreports/3.0.0/extentreports-3.0.0.jar!/com/aventstack/extentreports/view/extent.ftl"
2021-07-28 02:40:37,521 +0530 [main] DEBUG (_Log4jLoggerFactory.java:45) - Couldn't find template in cache for "head.ftl"("en_US", UTF-8, parsed); will try to load it.
2021-07-28 02:40:37,522 +0530 [main] DEBUG (_Log4jLoggerFactory.java:45) - TemplateLoader.findTemplateSource("head_en_US.ftl"): Not found
2021-07-28 02:40:37,522 +0530 [main] DEBUG (_Log4jLoggerFactory.java:45) - TemplateLoader.findTemplateSource("head_en.ftl"): Not found
2021-07-28 02:40:37,522 +0530 [main] DEBUG (_Log4jLoggerFactory.java:45) - TemplateLoader.findTemplateSource("head.ftl"): Found
2021-07-28 02:40:37,523 +0530 [main] DEBUG (_Log4jLoggerFactory.java:45) - Loading template for "head.ftl"("en_US", UTF-8, parsed) from "jar:file:/C:/Users/darekdee/.m2/repository/com/aventstack/extentreports/3.0.0/extentreports-3.0.0.jar!/com/aventstack/extentreports/view/head.ftl"
2021-07-28 02:40:37,524 +0530 [main] DEBUG (_Log4jLoggerFactory.java:45) - Couldn't find template in cache for "nav.ftl"("en_US", UTF-8, parsed); will try to load it.
2021-07-28 02:40:37,525 +0530 [main] DEBUG (_Log4jLoggerFactory.java:45) - TemplateLoader.findTemplateSource("nav_en_US.ftl"): Not found
2021-07-28 02:40:37,525 +0530 [main] DEBUG (_Log4jLoggerFactory.java:45) - TemplateLoader.findTemplateSource("nav_en.ftl"): Not found
2021-07-28 02:40:37,525 +0530 [main] DEBUG (_Log4jLoggerFactory.java:45) - TemplateLoader.findTemplateSource("nav.ftl"): Found
2021-07-28 02:40:37,526 +0530 [main] DEBUG (_Log4jLoggerFactory.java:45) - Loading template for "nav.ftl"("en_US", UTF-8, parsed) from "jar:file:/C:/Users/darekdee/.m2/repository/com/aventstack/extentreports/3.0.0/extentreports-3.0.0.jar!/com/aventstack/extentreports/view/nav.ftl"
2021-07-28 02:40:37,532 +0530 [main] DEBUG (_Log4jLoggerFactory.java:45) - Couldn't find template in cache for "test-view/test-view.ftl"("en_US", UTF-8, parsed); will try to load it.
2021-07-28 02:40:37,532 +0530 [main] DEBUG (_Log4jLoggerFactory.java:45) - TemplateLoader.findTemplateSource("test-view/test-view_en_US.ftl"): Not found
2021-07-28 02:40:37,533 +0530 [main] DEBUG (_Log4jLoggerFactory.java:45) - TemplateLoader.findTemplateSource("test-view/test-view_en.ftl"): Not found
2021-07-28 02:40:37,533 +0530 [main] DEBUG (_Log4jLoggerFactory.java:45) - TemplateLoader.findTemplateSource("test-view/test-view.ftl"): Found
2021-07-28 02:40:37,534 +0530 [main] DEBUG (_Log4jLoggerFactory.java:45) - Loading template for "test-view/test-view.ftl"("en_US", UTF-8, parsed) from "jar:file:/C:/Users/darekdee/.m2/repository/com/aventstack/extentreports/3.0.0/extentreports-3.0.0.jar!/com/aventstack/extentreports/view/test-view/test-view.ftl"
2021-07-28 02:40:37,553 +0530 [main] DEBUG (_Log4jLoggerFactory.java:45) - Couldn't find template in cache for "test-view/test-view-charts.ftl"("en_US", UTF-8, parsed); will try to load it.
2021-07-28 02:40:37,554 +0530 [main] DEBUG (_Log4jLoggerFactory.java:45) - TemplateLoader.findTemplateSource("test-view/test-view-charts_en_US.ftl"): Not found
2021-07-28 02:40:37,554 +0530 [main] DEBUG (_Log4jLoggerFactory.java:45) - TemplateLoader.findTemplateSource("test-view/test-view-charts_en.ftl"): Not found
2021-07-28 02:40:37,555 +0530 [main] DEBUG (_Log4jLoggerFactory.java:45) - TemplateLoader.findTemplateSource("test-view/test-view-charts.ftl"): Found
2021-07-28 02:40:37,555 +0530 [main] DEBUG (_Log4jLoggerFactory.java:45) - Loading template for "test-view/test-view-charts.ftl"("en_US", UTF-8, parsed) from "jar:file:/C:/Users/darekdee/.m2/repository/com/aventstack/extentreports/3.0.0/extentreports-3.0.0.jar!/com/aventstack/extentreports/view/test-view/test-view-charts.ftl"
2021-07-28 02:40:37,565 +0530 [main] DEBUG (_Log4jLoggerFactory.java:45) - Couldn't find template in cache for "test-view/standard.ftl"("en_US", UTF-8, parsed); will try to load it.
2021-07-28 02:40:37,566 +0530 [main] DEBUG (_Log4jLoggerFactory.java:45) - TemplateLoader.findTemplateSource("test-view/standard_en_US.ftl"): Not found
2021-07-28 02:40:37,567 +0530 [main] DEBUG (_Log4jLoggerFactory.java:45) - TemplateLoader.findTemplateSource("test-view/standard_en.ftl"): Not found
2021-07-28 02:40:37,567 +0530 [main] DEBUG (_Log4jLoggerFactory.java:45) - TemplateLoader.findTemplateSource("test-view/standard.ftl"): Found
2021-07-28 02:40:37,567 +0530 [main] DEBUG (_Log4jLoggerFactory.java:45) - Loading template for "test-view/standard.ftl"("en_US", UTF-8, parsed) from "jar:file:/C:/Users/darekdee/.m2/repository/com/aventstack/extentreports/3.0.0/extentreports-3.0.0.jar!/com/aventstack/extentreports/view/test-view/standard.ftl"
2021-07-28 02:40:37,581 +0530 [main] DEBUG (_Log4jLoggerFactory.java:45) - Couldn't find template in cache for "category-view/category-view.ftl"("en_US", UTF-8, parsed); will try to load it.
2021-07-28 02:40:37,582 +0530 [main] DEBUG (_Log4jLoggerFactory.java:45) - TemplateLoader.findTemplateSource("category-view/category-view_en_US.ftl"): Not found
2021-07-28 02:40:37,583 +0530 [main] DEBUG (_Log4jLoggerFactory.java:45) - TemplateLoader.findTemplateSource("category-view/category-view_en.ftl"): Not found
2021-07-28 02:40:37,583 +0530 [main] DEBUG (_Log4jLoggerFactory.java:45) - TemplateLoader.findTemplateSource("category-view/category-view.ftl"): Found
2021-07-28 02:40:37,583 +0530 [main] DEBUG (_Log4jLoggerFactory.java:45) - Loading template for "category-view/category-view.ftl"("en_US", UTF-8, parsed) from "jar:file:/C:/Users/darekdee/.m2/repository/com/aventstack/extentreports/3.0.0/extentreports-3.0.0.jar!/com/aventstack/extentreports/view/category-view/category-view.ftl"
2021-07-28 02:40:37,586 +0530 [main] DEBUG (_Log4jLoggerFactory.java:45) - Couldn't find template in cache for "exception-view/exception-view.ftl"("en_US", UTF-8, parsed); will try to load it.
2021-07-28 02:40:37,587 +0530 [main] DEBUG (_Log4jLoggerFactory.java:45) - TemplateLoader.findTemplateSource("exception-view/exception-view_en_US.ftl"): Not found
2021-07-28 02:40:37,587 +0530 [main] DEBUG (_Log4jLoggerFactory.java:45) - TemplateLoader.findTemplateSource("exception-view/exception-view_en.ftl"): Not found
2021-07-28 02:40:37,588 +0530 [main] DEBUG (_Log4jLoggerFactory.java:45) - TemplateLoader.findTemplateSource("exception-view/exception-view.ftl"): Found
2021-07-28 02:40:37,588 +0530 [main] DEBUG (_Log4jLoggerFactory.java:45) - Loading template for "exception-view/exception-view.ftl"("en_US", UTF-8, parsed) from "jar:file:/C:/Users/darekdee/.m2/repository/com/aventstack/extentreports/3.0.0/extentreports-3.0.0.jar!/com/aventstack/extentreports/view/exception-view/exception-view.ftl"
2021-07-28 02:40:37,590 +0530 [main] DEBUG (_Log4jLoggerFactory.java:45) - Couldn't find template in cache for "dashboard-view/dashboard-view.ftl"("en_US", UTF-8, parsed); will try to load it.
2021-07-28 02:40:37,590 +0530 [main] DEBUG (_Log4jLoggerFactory.java:45) - TemplateLoader.findTemplateSource("dashboard-view/dashboard-view_en_US.ftl"): Not found
2021-07-28 02:40:37,591 +0530 [main] DEBUG (_Log4jLoggerFactory.java:45) - TemplateLoader.findTemplateSource("dashboard-view/dashboard-view_en.ftl"): Not found
2021-07-28 02:40:37,591 +0530 [main] DEBUG (_Log4jLoggerFactory.java:45) - TemplateLoader.findTemplateSource("dashboard-view/dashboard-view.ftl"): Found
2021-07-28 02:40:37,591 +0530 [main] DEBUG (_Log4jLoggerFactory.java:45) - Loading template for "dashboard-view/dashboard-view.ftl"("en_US", UTF-8, parsed) from "jar:file:/C:/Users/darekdee/.m2/repository/com/aventstack/extentreports/3.0.0/extentreports-3.0.0.jar!/com/aventstack/extentreports/view/dashboard-view/dashboard-view.ftl"
2021-07-28 02:40:37,597 +0530 [main] DEBUG (_Log4jLoggerFactory.java:45) - Couldn't find template in cache for "logs-view/testrunner-logs-view.ftl"("en_US", UTF-8, parsed); will try to load it.
2021-07-28 02:40:37,598 +0530 [main] DEBUG (_Log4jLoggerFactory.java:45) - TemplateLoader.findTemplateSource("logs-view/testrunner-logs-view_en_US.ftl"): Not found
2021-07-28 02:40:37,598 +0530 [main] DEBUG (_Log4jLoggerFactory.java:45) - TemplateLoader.findTemplateSource("logs-view/testrunner-logs-view_en.ftl"): Not found
2021-07-28 02:40:37,599 +0530 [main] DEBUG (_Log4jLoggerFactory.java:45) - TemplateLoader.findTemplateSource("logs-view/testrunner-logs-view.ftl"): Found
2021-07-28 02:40:37,599 +0530 [main] DEBUG (_Log4jLoggerFactory.java:45) - Loading template for "logs-view/testrunner-logs-view.ftl"("en_US", UTF-8, parsed) from "jar:file:/C:/Users/darekdee/.m2/repository/com/aventstack/extentreports/3.0.0/extentreports-3.0.0.jar!/com/aventstack/extentreports/view/logs-view/testrunner-logs-view.ftl"
